

************************************************************
HaFS:

===========================================================
buffer size: 256(KB)
waiting...
done!


['conv1', 'conv2_1_dw', 'conv2_1_pw', 'conv2_2_dw']
[ 0, 1, 2, 3]
['conv2_2_pw', 'conv3_1_dw', 'conv3_1_pw', 'conv3_2_dw']
[ 4, 5, 6, 7]
['conv3_2_pw', 'conv4_1_dw', 'conv4_1_pw', 'conv4_2_dw']
[ 8, 9, 10, 11]
['conv4_2_pw', 'conv5_1_dw', 'conv5_1_pw', 'conv5_2_dw']
[ 12, 13, 14, 15]
['conv5_2_pw', 'conv5_3_dw', 'conv5_3_pw', 'conv5_4_dw']
[ 16, 17, 18, 19]
['conv5_4_pw', 'conv5_5_dw', 'conv5_5_pw', 'conv5_6_dw']
[ 20, 21, 22, 23]
['conv5_6_pw']
[ 24]
['conv6_dw']
[ 25]
['conv6_pw', 'pool6']
[ 26]
['fc']
]
total DRAM access(MB):  5.240570068359375
DRAM access breakdown[ifmap, ofmap, filter](MB):
0.7177734375 0.55126953125 3.971527099609375


['conv1', 'conv2_1_dw', 'conv2_1_pw', 'conv2_2_dw'] True
[ifmap, ofmap, filters]: [150528, 200704, 2912]
['conv2_2_pw', 'conv3_1_dw', 'conv3_1_pw', 'conv3_2_dw'] True
[ifmap, ofmap, filters]: [200704, 100352, 24576]
['conv3_2_pw', 'conv4_1_dw', 'conv4_1_pw', 'conv4_2_dw'] True
[ifmap, ofmap, filters]: [100352, 50176, 98304]
['conv4_2_pw', 'conv5_1_dw', 'conv5_1_pw', 'conv5_2_dw'] False
[ifmap, ofmap, filters]: [50176, 100352, 393216]
['conv5_2_pw', 'conv5_3_dw', 'conv5_3_pw', 'conv5_4_dw'] False
[ifmap, ofmap, filters]: [100352, 100352, 524288]
['conv5_4_pw', 'conv5_5_dw', 'conv5_5_pw', 'conv5_6_dw'] False
[ifmap, ofmap, filters]: [100352, 25088, 524288]
['conv5_6_pw'] False
[ifmap, ofmap, filters]: [0, 0, 524288]
['conv6_dw'] False
[ifmap, ofmap, filters]: [0, 0, 0]
['conv6_pw', 'pool6'] False
[ifmap, ofmap, filters]: [50176, 1024, 1048576]
['fc'] False
[ifmap, ofmap, filters]: [0, 0, 1024000]


************************************************************
Efficient-S:

===========================================================
buffer size: 256(KB)
waiting...
done!


total DRAM access(MB):  4.976409912109375
DRAM access breakdown[ifmap, ofmap, filter](MB):
0.287109375 0.7177734375 3.971527099609375




************************************************************
DNNVM:

===========================================================
buffer size: 256(KB)
waiting...
done!


total DRAM access(MB):  4.976409912109375
DRAM access breakdown[ifmap, ofmap, filter](MB):
0.287109375 0.7177734375 3.971527099609375




************************************************************
w/o Fusion:

===========================================================
buffer size: 256(KB)
waiting...
done!


total DRAM access(MB):  7.529603004455566
DRAM access breakdown[ifmap, ofmap, filter](MB):
0.765625 2.775390625 3.9885873794555664




************************************************************
HaFS:

===========================================================
buffer size: 256(KB)
waiting...
done!


['conv1', 'pool1', 'conv2_0_a']
[ 0, 1]
['conv2_br', 'conv2_0_b', 'conv2_0_c', 'conv2_0_res', 'conv2_1_a', 'conv2_1_b', 'conv2_1_c', 'conv2_1_res', 'conv2_2_a', 'conv2_2_b', 'conv2_2_c', 'conv2_2_res', 'conv3_0_a']
[ 4, 2, 3, 5, 6, 7, 8, 9, 10, 11, 12, 13, 14]
['conv3_br', 'conv3_0_b', 'conv3_0_c', 'conv3_0_res', 'conv3_1_a']
[ 17, 15, 16, 18, 19]
['conv3_1_b', 'conv3_1_c']
[ 20, 21]
['conv3_1_res']
[ 22]
['conv3_2_a', 'conv3_2_b']
[ 23, 24]
['conv3_2_c']
[ 25]
['conv3_2_res']
[ 26]
['conv3_3_a', 'conv3_3_b']
[ 27, 28]
['conv3_3_c']
[ 29]
['conv3_3_res']
[ 30]
['conv4_br', 'conv4_0_a', 'conv4_0_b']
[ 34, 31, 32]
['conv4_0_c']
[ 33]
['conv4_0_res']
[ 35]
['conv4_1_a', 'conv4_1_b']
[ 36, 37]
['conv4_1_c']
[ 38]
['conv4_1_res']
[ 39]
['conv4_2_a', 'conv4_2_b']
[ 40, 41]
['conv4_2_c']
[ 42]
['conv4_2_res']
[ 43]
['conv4_3_a', 'conv4_3_b']
[ 44, 45]
['conv4_3_c']
[ 46]
['conv4_3_res']
[ 47]
['conv4_4_a', 'conv4_4_b']
[ 48, 49]
['conv4_4_c']
[ 50]
['conv4_4_res']
[ 51]
['conv4_5_a', 'conv4_5_b']
[ 52, 53]
['conv4_5_c']
[ 54]
['conv4_5_res']
[ 55]
['conv5_0_a']
[ 56]
['conv5_br', 'conv5_0_b', 'conv5_0_c', 'conv5_0_res', 'conv5_1_a', 'conv5_1_b', 'conv5_1_c', 'conv5_1_res', 'conv5_2_a', 'conv5_2_b', 'conv5_2_c', 'conv5_2_res']
[ 59, 57, 58, 60, 61, 62, 63, 64, 65, 66, 67, 68]
['pool5']
]
['fc']
]
total DRAM access(MB):  34.07265663146973
DRAM access breakdown[ifmap, ofmap, filter](MB):
3.80419921875 4.78515625 25.483301162719727


['conv1', 'pool1', 'conv2_0_a'] True
[ifmap, ofmap, filters]: [150528, 401408, 13504]
['conv2_br', 'conv2_0_b', 'conv2_0_c', 'conv2_0_res', 'conv2_1_a', 'conv2_1_b', 'conv2_1_c', 'conv2_1_res', 'conv2_2_a', 'conv2_2_b', 'conv2_2_c', 'conv2_2_res', 'conv3_0_a'] False
[ifmap, ofmap, filters]: [401408, 903168, 1308693]
['conv3_br', 'conv3_0_b', 'conv3_0_c', 'conv3_0_res', 'conv3_1_a'] False
[ifmap, ofmap, filters]: [903168, 501760, 560837]
['conv3_1_b', 'conv3_1_c'] True
[ifmap, ofmap, filters]: [100352, 401408, 212992]
['conv3_1_res'] False
[ifmap, ofmap, filters]: [0, 0, 0]
['conv3_2_a', 'conv3_2_b'] True
[ifmap, ofmap, filters]: [401408, 100352, 212992]
['conv3_2_c'] True
[ifmap, ofmap, filters]: [0, 401408, 65536]
['conv3_2_res'] False
[ifmap, ofmap, filters]: [0, 0, 0]
['conv3_3_a', 'conv3_3_b'] True
[ifmap, ofmap, filters]: [401408, 100352, 212992]
['conv3_3_c'] True
[ifmap, ofmap, filters]: [0, 401408, 65536]
['conv3_3_res'] False
[ifmap, ofmap, filters]: [0, 0, 0]
['conv4_br', 'conv4_0_a', 'conv4_0_b'] False
[ifmap, ofmap, filters]: [401408, 250880, 1245184]
['conv4_0_c'] False
[ifmap, ofmap, filters]: [0, 200704, 262144]
['conv4_0_res'] False
[ifmap, ofmap, filters]: [0, 0, 0]
['conv4_1_a', 'conv4_1_b'] False
[ifmap, ofmap, filters]: [200704, 50176, 851968]
['conv4_1_c'] False
[ifmap, ofmap, filters]: [0, 200704, 262144]
['conv4_1_res'] False
[ifmap, ofmap, filters]: [0, 0, 0]
['conv4_2_a', 'conv4_2_b'] False
[ifmap, ofmap, filters]: [200704, 50176, 851968]
['conv4_2_c'] False
[ifmap, ofmap, filters]: [0, 200704, 262144]
['conv4_2_res'] False
[ifmap, ofmap, filters]: [0, 0, 0]
['conv4_3_a', 'conv4_3_b'] False
[ifmap, ofmap, filters]: [200704, 50176, 851968]
['conv4_3_c'] False
[ifmap, ofmap, filters]: [0, 200704, 262144]
['conv4_3_res'] False
[ifmap, ofmap, filters]: [0, 0, 0]
['conv4_4_a', 'conv4_4_b'] False
[ifmap, ofmap, filters]: [200704, 50176, 851968]
['conv4_4_c'] False
[ifmap, ofmap, filters]: [0, 200704, 262144]
['conv4_4_res'] False
[ifmap, ofmap, filters]: [0, 0, 0]
['conv4_5_a', 'conv4_5_b'] False
[ifmap, ofmap, filters]: [200704, 50176, 851968]
['conv4_5_c'] False
[ifmap, ofmap, filters]: [0, 200704, 262144]
['conv4_5_res'] False
[ifmap, ofmap, filters]: [0, 0, 0]
['conv5_0_a'] False
[ifmap, ofmap, filters]: [0, 0, 524288]
['conv5_br', 'conv5_0_b', 'conv5_0_c', 'conv5_0_res', 'conv5_1_a', 'conv5_1_b', 'conv5_1_c', 'conv5_1_res', 'conv5_2_a', 'conv5_2_b', 'conv5_2_c', 'conv5_2_res'] False
[ifmap, ofmap, filters]: [225792, 100352, 14417920]
['pool5'] False
[ifmap, ofmap, filters]: [0, 0, 0]
['fc'] False
[ifmap, ofmap, filters]: [0, 0, 2048000]


************************************************************
Efficient-S:

===========================================================
buffer size: 256(KB)
waiting...
done!


total DRAM access(MB):  34.62372875213623
DRAM access breakdown[ifmap, ofmap, filter](MB):
4.162806510925293 6.1394500732421875 24.32147216796875




************************************************************
DNNVM:

===========================================================
buffer size: 256(KB)
waiting...
done!


total DRAM access(MB):  37.73408031463623
DRAM access breakdown[ifmap, ofmap, filter](MB):
4.976283073425293 8.436325073242188 24.32147216796875




************************************************************
w/o Fusion:

===========================================================
buffer size: 256(KB)
waiting...
done!


total DRAM access(MB):  39.55446434020996
DRAM access breakdown[ifmap, ofmap, filter](MB):
5.167689323425293 9.967575073242188 24.41919994354248




************************************************************
HaFS:

===========================================================
buffer size: 256(KB)
waiting...
done!


['conv4_0_a', 'conv4_0_b']
[ 0, 1]
['conv4_0_c', 'conv4_0_res', 'conv4_1_a', 'conv4_1_b']
[ 2, 3, 4, 5]
['conv4_1_c']
[ 6]
['conv4_1_res']
[ 7]
['conv4_2_a', 'conv4_2_b']
[ 8, 9]
['conv4_2_c']
[ 10]
['conv4_2_res']
[ 11]
['conv4_3_a', 'conv4_3_b']
[ 12, 13]
['conv4_3_c']
[ 14]
['conv4_3_res']
[ 15]
['conv4_4_a', 'conv4_4_b']
[ 16, 17]
['conv4_4_c']
[ 18]
['conv4_4_res']
[ 19]
['conv4_5_a', 'conv4_5_b']
[ 20, 21]
['conv4_5_c']
[ 22]
['conv4_5_res']
[ 23]
['conv5_0_a']
[ 24]
['conv5_br', 'conv5_0_b', 'conv5_0_c', 'conv5_0_res', 'conv5_1_a', 'conv5_1_b', 'conv5_1_c', 'conv5_1_res', 'conv5_2_a', 'conv5_2_b', 'conv5_2_c', 'conv5_2_res']
[ 27, 25, 26, 28, 29, 30, 31, 32, 33, 34, 35, 36]
['pool5']
]
['fc']
]
total DRAM access(MB):  25.42529296875
DRAM access breakdown[ifmap, ofmap, filter](MB):
1.26806640625 1.5791015625 22.578125


['conv4_0_a', 'conv4_0_b'] False
[ifmap, ofmap, filters]: [200704, 100352, 851968]
['conv4_0_c', 'conv4_0_res', 'conv4_1_a', 'conv4_1_b'] False
[ifmap, ofmap, filters]: [100352, 250880, 1114112]
['conv4_1_c'] False
[ifmap, ofmap, filters]: [0, 200704, 262144]
['conv4_1_res'] False
[ifmap, ofmap, filters]: [0, 0, 0]
['conv4_2_a', 'conv4_2_b'] False
[ifmap, ofmap, filters]: [200704, 50176, 851968]
['conv4_2_c'] False
[ifmap, ofmap, filters]: [0, 200704, 262144]
['conv4_2_res'] False
[ifmap, ofmap, filters]: [0, 0, 0]
['conv4_3_a', 'conv4_3_b'] False
[ifmap, ofmap, filters]: [200704, 50176, 851968]
['conv4_3_c'] False
[ifmap, ofmap, filters]: [0, 200704, 262144]
['conv4_3_res'] False
[ifmap, ofmap, filters]: [0, 0, 0]
['conv4_4_a', 'conv4_4_b'] False
[ifmap, ofmap, filters]: [200704, 50176, 851968]
['conv4_4_c'] False
[ifmap, ofmap, filters]: [0, 200704, 262144]
['conv4_4_res'] False
[ifmap, ofmap, filters]: [0, 0, 0]
['conv4_5_a', 'conv4_5_b'] False
[ifmap, ofmap, filters]: [200704, 50176, 851968]
['conv4_5_c'] False
[ifmap, ofmap, filters]: [0, 200704, 262144]
['conv4_5_res'] False
[ifmap, ofmap, filters]: [0, 0, 0]
['conv5_0_a'] False
[ifmap, ofmap, filters]: [0, 0, 524288]
['conv5_br', 'conv5_0_b', 'conv5_0_c', 'conv5_0_res', 'conv5_1_a', 'conv5_1_b', 'conv5_1_c', 'conv5_1_res', 'conv5_2_a', 'conv5_2_b', 'conv5_2_c', 'conv5_2_res'] False
[ifmap, ofmap, filters]: [225792, 100352, 14417920]
['pool5'] False
[ifmap, ofmap, filters]: [0, 0, 0]
['fc'] False
[ifmap, ofmap, filters]: [0, 0, 2048000]


************************************************************
Efficient-S:

===========================================================
buffer size: 256(KB)
waiting...
done!


total DRAM access(MB):  24.514349937438965
DRAM access breakdown[ifmap, ofmap, filter](MB):
0.0 1.9362249374389648 22.578125




************************************************************
DNNVM:

===========================================================
buffer size: 256(KB)
waiting...
done!


total DRAM access(MB):  24.514349937438965
DRAM access breakdown[ifmap, ofmap, filter](MB):
0.0 1.9362249374389648 22.578125




************************************************************
w/o Fusion:

===========================================================
buffer size: 256(KB)
waiting...
done!


total DRAM access(MB):  24.514349937438965
DRAM access breakdown[ifmap, ofmap, filter](MB):
0.0 1.9362249374389648 22.578125




************************************************************
HaFS:

===========================================================
buffer size: 256(KB)
waiting...
done!


['conv1', 'conv2']
[ 0, 1]
['conv3_a_dw']
[ 2]
['conv3_e_pw', 'conv3_b_pw', 'conv3_c_dw', 'conv3_d_pw', 'pool1', 'conv3_res', 'conv4_e_pw']
[ 6, 3, 4, 5, 7, 12]
['conv4_a_dw']
[ 8]
['conv4_b_pw', 'conv4_c_dw', 'conv4_d_pw', 'pool2']
[ 9, 10, 11]
['conv4_res']
[ 13]
['conv5_a_dw']
[ 14]
['conv5_e_pw']
[ 18]
['conv5_b_pw', 'conv5_c_dw', 'conv5_d_pw', 'pool3', 'conv5_res']
[ 15, 16, 17, 19]
['conv6_a_dw']
[ 20]
['conv6_b_pw', 'conv6_c_dw']
[ 21, 22]
['conv6_d_pw', 'conv6_e_dw', 'conv6_f_pw']
[ 23, 24, 25]
['conv6_res']
[ 26]
['conv7_a_dw']
[ 27]
['conv7_b_pw', 'conv7_c_dw']
[ 28, 29]
['conv7_d_pw', 'conv7_e_dw', 'conv7_f_pw']
[ 30, 31, 32]
['conv7_res']
[ 33]
['conv8_a_dw']
[ 34]
['conv8_b_pw', 'conv8_c_dw']
[ 35, 36]
['conv8_d_pw', 'conv8_e_dw', 'conv8_f_pw']
[ 37, 38, 39]
['conv8_res']
[ 40]
['conv9_a_dw']
[ 41]
['conv9_b_pw', 'conv9_c_dw']
[ 42, 43]
['conv9_d_pw', 'conv9_e_dw', 'conv9_f_pw']
[ 44, 45, 46]
['conv9_res']
[ 47]
['conv10_a_dw']
[ 48]
['conv10_b_pw', 'conv10_c_dw']
[ 49, 50]
['conv10_d_pw', 'conv10_e_dw', 'conv10_f_pw']
[ 51, 52, 53]
['conv10_res']
[ 54]
['conv11_a_dw']
[ 55]
['conv11_b_pw', 'conv11_c_dw']
[ 56, 57]
['conv11_d_pw', 'conv11_e_dw', 'conv11_f_pw']
[ 58, 59, 60]
['conv11_res']
[ 61]
['conv12_a_dw']
[ 62]
['conv12_b_pw', 'conv12_c_dw']
[ 63, 64]
['conv12_d_pw', 'conv12_e_dw', 'conv12_f_pw']
[ 65, 66, 67]
['conv12_res']
[ 68]
['conv13_a_dw']
[ 69]
['conv13_b_pw', 'conv13_c_dw']
[ 70, 71]
['conv13_d_pw', 'conv13_e_dw', 'conv13_f_pw']
[ 72, 73, 74]
['conv13_res']
[ 75]
['conv14_a_dw']
[ 76]
['conv14_b_pw', 'conv14_c_dw']
[ 77, 78]
['conv14_e_pw', 'conv14_d_pw', 'pool4', 'conv14_res', 'conv15_a_dw', 'conv15_b_pw']
[ 80, 79, 81, 82, 83]
['conv15_c_dw']
[ 84]
['conv15_d_pw']
[ 85]
['pool5']
]
['fc']
]
total DRAM access(MB):  30.737666130065918
DRAM access breakdown[ifmap, ofmap, filter](MB):
4.9705810546875 4.284210205078125 21.482874870300293


['conv1', 'conv2'] True
[ifmap, ofmap, filters]: [150528, 802816, 19296]
['conv3_a_dw'] False
[ifmap, ofmap, filters]: [0, 0, 0]
['conv3_e_pw', 'conv3_b_pw', 'conv3_c_dw', 'conv3_d_pw', 'pool1', 'conv3_res', 'conv4_e_pw'] True
[ifmap, ofmap, filters]: [1605632, 602112, 65536]
['conv4_a_dw'] False
[ifmap, ofmap, filters]: [0, 0, 0]
['conv4_b_pw', 'conv4_c_dw', 'conv4_d_pw', 'pool2'] True
[ifmap, ofmap, filters]: [401408, 200704, 98304]
['conv4_res'] False
[ifmap, ofmap, filters]: [0, 0, 0]
['conv5_a_dw'] False
[ifmap, ofmap, filters]: [0, 0, 0]
['conv5_e_pw'] True
[ifmap, ofmap, filters]: [0, 142688, 186368]
['conv5_b_pw', 'conv5_c_dw', 'conv5_d_pw', 'pool3', 'conv5_res'] False
[ifmap, ofmap, filters]: [343392, 142688, 1535419]
['conv6_a_dw'] False
[ifmap, ofmap, filters]: [0, 0, 0]
['conv6_b_pw', 'conv6_c_dw'] False
[ifmap, ofmap, filters]: [142688, 142688, 529984]
['conv6_d_pw', 'conv6_e_dw', 'conv6_f_pw'] False
[ifmap, ofmap, filters]: [142688, 142688, 1059968]
['conv6_res'] False
[ifmap, ofmap, filters]: [0, 0, 0]
['conv7_a_dw'] False
[ifmap, ofmap, filters]: [0, 0, 0]
['conv7_b_pw', 'conv7_c_dw'] False
[ifmap, ofmap, filters]: [142688, 142688, 529984]
['conv7_d_pw', 'conv7_e_dw', 'conv7_f_pw'] False
[ifmap, ofmap, filters]: [142688, 142688, 1059968]
['conv7_res'] False
[ifmap, ofmap, filters]: [0, 0, 0]
['conv8_a_dw'] False
[ifmap, ofmap, filters]: [0, 0, 0]
['conv8_b_pw', 'conv8_c_dw'] False
[ifmap, ofmap, filters]: [142688, 142688, 529984]
['conv8_d_pw', 'conv8_e_dw', 'conv8_f_pw'] False
[ifmap, ofmap, filters]: [142688, 142688, 1059968]
['conv8_res'] False
[ifmap, ofmap, filters]: [0, 0, 0]
['conv9_a_dw'] False
[ifmap, ofmap, filters]: [0, 0, 0]
['conv9_b_pw', 'conv9_c_dw'] False
[ifmap, ofmap, filters]: [142688, 142688, 529984]
['conv9_d_pw', 'conv9_e_dw', 'conv9_f_pw'] False
[ifmap, ofmap, filters]: [142688, 142688, 1059968]
['conv9_res'] False
[ifmap, ofmap, filters]: [0, 0, 0]
['conv10_a_dw'] False
[ifmap, ofmap, filters]: [0, 0, 0]
['conv10_b_pw', 'conv10_c_dw'] False
[ifmap, ofmap, filters]: [142688, 142688, 529984]
['conv10_d_pw', 'conv10_e_dw', 'conv10_f_pw'] False
[ifmap, ofmap, filters]: [142688, 142688, 1059968]
['conv10_res'] False
[ifmap, ofmap, filters]: [0, 0, 0]
['conv11_a_dw'] False
[ifmap, ofmap, filters]: [0, 0, 0]
['conv11_b_pw', 'conv11_c_dw'] False
[ifmap, ofmap, filters]: [142688, 142688, 529984]
['conv11_d_pw', 'conv11_e_dw', 'conv11_f_pw'] False
[ifmap, ofmap, filters]: [142688, 142688, 1059968]
['conv11_res'] False
[ifmap, ofmap, filters]: [0, 0, 0]
['conv12_a_dw'] False
[ifmap, ofmap, filters]: [0, 0, 0]
['conv12_b_pw', 'conv12_c_dw'] False
[ifmap, ofmap, filters]: [142688, 142688, 529984]
['conv12_d_pw', 'conv12_e_dw', 'conv12_f_pw'] False
[ifmap, ofmap, filters]: [142688, 142688, 1059968]
['conv12_res'] False
[ifmap, ofmap, filters]: [0, 0, 0]
['conv13_a_dw'] False
[ifmap, ofmap, filters]: [0, 0, 0]
['conv13_b_pw', 'conv13_c_dw'] False
[ifmap, ofmap, filters]: [142688, 142688, 529984]
['conv13_d_pw', 'conv13_e_dw', 'conv13_f_pw'] False
[ifmap, ofmap, filters]: [142688, 142688, 1059968]
['conv13_res'] False
[ifmap, ofmap, filters]: [0, 0, 0]
['conv14_a_dw'] False
[ifmap, ofmap, filters]: [0, 0, 0]
['conv14_b_pw', 'conv14_c_dw'] False
[ifmap, ofmap, filters]: [142688, 142688, 529984]
['conv14_e_pw', 'conv14_d_pw', 'pool4', 'conv14_res', 'conv15_a_dw', 'conv15_b_pw'] False
[ifmap, ofmap, filters]: [285376, 75264, 2178176]
['conv15_c_dw'] False
[ifmap, ofmap, filters]: [0, 0, 0]
['conv15_d_pw'] False
[ifmap, ofmap, filters]: [0, 100352, 3145728]
['pool5'] False
[ifmap, ofmap, filters]: [0, 0, 0]
['fc'] False
[ifmap, ofmap, filters]: [0, 0, 2048000]


************************************************************
Efficient-S:

===========================================================
buffer size: 256(KB)
waiting...
done!


total DRAM access(MB):  38.45098876953125
DRAM access breakdown[ifmap, ofmap, filter](MB):
4.0656232833862305 6.4846038818359375 27.900761604309082




************************************************************
DNNVM:

===========================================================
buffer size: 256(KB)
waiting...
done!


total DRAM access(MB):  41.81522083282471
DRAM access breakdown[ifmap, ofmap, filter](MB):
5.8361310958862305 8.015853881835938 27.96323585510254




************************************************************
w/o Fusion:

===========================================================
buffer size: 256(KB)
waiting...
done!


total DRAM access(MB):  48.296607971191406
DRAM access breakdown[ifmap, ofmap, filter](MB):
7.9415998458862305 12.035385131835938 28.31962299346924




************************************************************
HaFS:

===========================================================
buffer size: 256(KB)
waiting...
done!


['conv6_a_dw']
[ 0]
['conv6_b_pw', 'conv6_c_dw']
[ 1, 2]
['conv6_d_pw', 'conv6_e_dw', 'conv6_f_pw']
[ 3, 4, 5]
['conv6_res']
[ 6]
['conv7_a_dw']
[ 7]
['conv7_b_pw', 'conv7_c_dw']
[ 8, 9]
['conv7_d_pw', 'conv7_e_dw', 'conv7_f_pw']
[ 10, 11, 12]
['conv7_res']
[ 13]
['conv8_a_dw']
[ 14]
['conv8_b_pw', 'conv8_c_dw']
[ 15, 16]
['conv8_d_pw', 'conv8_e_dw', 'conv8_f_pw']
[ 17, 18, 19]
['conv8_res']
[ 20]
['conv9_a_dw']
[ 21]
['conv9_b_pw', 'conv9_c_dw']
[ 22, 23]
['conv9_d_pw', 'conv9_e_dw', 'conv9_f_pw']
[ 24, 25, 26]
['conv9_res']
[ 27]
['conv10_a_dw']
[ 28]
['conv10_b_pw', 'conv10_c_dw']
[ 29, 30]
['conv10_d_pw', 'conv10_e_dw', 'conv10_f_pw']
[ 31, 32, 33]
['conv10_res']
[ 34]
['conv11_a_dw']
[ 35]
['conv11_b_pw', 'conv11_c_dw']
[ 36, 37]
['conv11_d_pw', 'conv11_e_dw', 'conv11_f_pw']
[ 38, 39, 40]
['conv11_res']
[ 41]
['conv12_a_dw']
[ 42]
['conv12_b_pw', 'conv12_c_dw']
[ 43, 44]
['conv12_d_pw', 'conv12_e_dw', 'conv12_f_pw']
[ 45, 46, 47]
['conv12_res']
[ 48]
['conv13_a_dw']
[ 49]
['conv13_b_pw', 'conv13_c_dw']
[ 50, 51]
['conv13_d_pw', 'conv13_e_dw', 'conv13_f_pw']
[ 52, 53, 54]
['conv13_res']
[ 55]
['conv14_a_dw']
[ 56]
['conv14_b_pw', 'conv14_c_dw']
[ 57, 58]
['conv14_e_pw', 'conv14_d_pw', 'pool4', 'conv14_res', 'conv15_a_dw', 'conv15_b_pw']
[ 60, 59, 61, 62, 63]
['conv15_c_dw']
[ 64]
['conv15_d_pw']
[ 65]
['pool5']
]
['fc']
]
total DRAM access(MB):  24.73248291015625
DRAM access breakdown[ifmap, ofmap, filter](MB):
2.585479736328125 2.480804443359375 19.66619873046875


['conv6_a_dw'] False
[ifmap, ofmap, filters]: [0, 0, 0]
['conv6_b_pw', 'conv6_c_dw'] False
[ifmap, ofmap, filters]: [142688, 142688, 529984]
['conv6_d_pw', 'conv6_e_dw', 'conv6_f_pw'] False
[ifmap, ofmap, filters]: [142688, 142688, 1059968]
['conv6_res'] False
[ifmap, ofmap, filters]: [0, 0, 0]
['conv7_a_dw'] False
[ifmap, ofmap, filters]: [0, 0, 0]
['conv7_b_pw', 'conv7_c_dw'] False
[ifmap, ofmap, filters]: [142688, 142688, 529984]
['conv7_d_pw', 'conv7_e_dw', 'conv7_f_pw'] False
[ifmap, ofmap, filters]: [142688, 142688, 1059968]
['conv7_res'] False
[ifmap, ofmap, filters]: [0, 0, 0]
['conv8_a_dw'] False
[ifmap, ofmap, filters]: [0, 0, 0]
['conv8_b_pw', 'conv8_c_dw'] False
[ifmap, ofmap, filters]: [142688, 142688, 529984]
['conv8_d_pw', 'conv8_e_dw', 'conv8_f_pw'] False
[ifmap, ofmap, filters]: [142688, 142688, 1059968]
['conv8_res'] False
[ifmap, ofmap, filters]: [0, 0, 0]
['conv9_a_dw'] False
[ifmap, ofmap, filters]: [0, 0, 0]
['conv9_b_pw', 'conv9_c_dw'] False
[ifmap, ofmap, filters]: [142688, 142688, 529984]
['conv9_d_pw', 'conv9_e_dw', 'conv9_f_pw'] False
[ifmap, ofmap, filters]: [142688, 142688, 1059968]
['conv9_res'] False
[ifmap, ofmap, filters]: [0, 0, 0]
['conv10_a_dw'] False
[ifmap, ofmap, filters]: [0, 0, 0]
['conv10_b_pw', 'conv10_c_dw'] False
[ifmap, ofmap, filters]: [142688, 142688, 529984]
['conv10_d_pw', 'conv10_e_dw', 'conv10_f_pw'] False
[ifmap, ofmap, filters]: [142688, 142688, 1059968]
['conv10_res'] False
[ifmap, ofmap, filters]: [0, 0, 0]
['conv11_a_dw'] False
[ifmap, ofmap, filters]: [0, 0, 0]
['conv11_b_pw', 'conv11_c_dw'] False
[ifmap, ofmap, filters]: [142688, 142688, 529984]
['conv11_d_pw', 'conv11_e_dw', 'conv11_f_pw'] False
[ifmap, ofmap, filters]: [142688, 142688, 1059968]
['conv11_res'] False
[ifmap, ofmap, filters]: [0, 0, 0]
['conv12_a_dw'] False
[ifmap, ofmap, filters]: [0, 0, 0]
['conv12_b_pw', 'conv12_c_dw'] False
[ifmap, ofmap, filters]: [142688, 142688, 529984]
['conv12_d_pw', 'conv12_e_dw', 'conv12_f_pw'] False
[ifmap, ofmap, filters]: [142688, 142688, 1059968]
['conv12_res'] False
[ifmap, ofmap, filters]: [0, 0, 0]
['conv13_a_dw'] False
[ifmap, ofmap, filters]: [0, 0, 0]
['conv13_b_pw', 'conv13_c_dw'] False
[ifmap, ofmap, filters]: [142688, 142688, 529984]
['conv13_d_pw', 'conv13_e_dw', 'conv13_f_pw'] False
[ifmap, ofmap, filters]: [142688, 142688, 1059968]
['conv13_res'] False
[ifmap, ofmap, filters]: [0, 0, 0]
['conv14_a_dw'] False
[ifmap, ofmap, filters]: [0, 0, 0]
['conv14_b_pw', 'conv14_c_dw'] False
[ifmap, ofmap, filters]: [142688, 142688, 529984]
['conv14_e_pw', 'conv14_d_pw', 'pool4', 'conv14_res', 'conv15_a_dw', 'conv15_b_pw'] False
[ifmap, ofmap, filters]: [285376, 75264, 2178176]
['conv15_c_dw'] False
[ifmap, ofmap, filters]: [0, 0, 0]
['conv15_d_pw'] False
[ifmap, ofmap, filters]: [0, 100352, 3145728]
['pool5'] False
[ifmap, ofmap, filters]: [0, 0, 0]
['fc'] False
[ifmap, ofmap, filters]: [0, 0, 2048000]


************************************************************
Efficient-S:

===========================================================
buffer size: 256(KB)
waiting...
done!


total DRAM access(MB):  27.090255737304688
DRAM access breakdown[ifmap, ofmap, filter](MB):
2.17724609375 4.4942779541015625 20.418731689453125




************************************************************
DNNVM:

===========================================================
buffer size: 256(KB)
waiting...
done!


total DRAM access(MB):  27.090255737304688
DRAM access breakdown[ifmap, ofmap, filter](MB):
2.17724609375 4.4942779541015625 20.418731689453125




************************************************************
w/o Fusion:

===========================================================
buffer size: 256(KB)
waiting...
done!


total DRAM access(MB):  27.090255737304688
DRAM access breakdown[ifmap, ofmap, filter](MB):
2.17724609375 4.4942779541015625 20.418731689453125




************************************************************
HaFS:

===========================================================
buffer size: 512(KB)
waiting...
done!


['conv1', 'conv2_1_dw', 'conv2_1_pw', 'conv2_2_dw']
[ 0, 1, 2, 3]
['conv2_2_pw', 'conv3_1_dw', 'conv3_1_pw', 'conv3_2_dw']
[ 4, 5, 6, 7]
['conv3_2_pw', 'conv4_1_dw', 'conv4_1_pw', 'conv4_2_dw']
[ 8, 9, 10, 11]
['conv4_2_pw', 'conv5_1_dw', 'conv5_1_pw', 'conv5_2_dw', 'conv5_2_pw', 'conv5_3_dw']
[ 12, 13, 14, 15, 16, 17]
['conv5_3_pw', 'conv5_4_dw', 'conv5_4_pw', 'conv5_5_dw']
[ 18, 19, 20, 21]
['conv5_5_pw', 'conv5_6_dw']
[ 22, 23]
['conv5_6_pw']
[ 24]
['conv6_dw']
[ 25]
['conv6_pw', 'pool6']
[ 26]
['fc']
]
total DRAM access(MB):  5.240570068359375
DRAM access breakdown[ifmap, ofmap, filter](MB):
0.7177734375 0.55126953125 3.971527099609375


['conv1', 'conv2_1_dw', 'conv2_1_pw', 'conv2_2_dw'] True
[ifmap, ofmap, filters]: [150528, 200704, 2912]
['conv2_2_pw', 'conv3_1_dw', 'conv3_1_pw', 'conv3_2_dw'] True
[ifmap, ofmap, filters]: [200704, 100352, 24576]
['conv3_2_pw', 'conv4_1_dw', 'conv4_1_pw', 'conv4_2_dw'] True
[ifmap, ofmap, filters]: [100352, 50176, 98304]
['conv4_2_pw', 'conv5_1_dw', 'conv5_1_pw', 'conv5_2_dw', 'conv5_2_pw', 'conv5_3_dw'] False
[ifmap, ofmap, filters]: [50176, 100352, 655360]
['conv5_3_pw', 'conv5_4_dw', 'conv5_4_pw', 'conv5_5_dw'] False
[ifmap, ofmap, filters]: [100352, 100352, 524288]
['conv5_5_pw', 'conv5_6_dw'] True
[ifmap, ofmap, filters]: [100352, 25088, 262144]
['conv5_6_pw'] False
[ifmap, ofmap, filters]: [0, 0, 524288]
['conv6_dw'] False
[ifmap, ofmap, filters]: [0, 0, 0]
['conv6_pw', 'pool6'] False
[ifmap, ofmap, filters]: [50176, 1024, 1048576]
['fc'] False
[ifmap, ofmap, filters]: [0, 0, 1024000]


************************************************************
Efficient-S:

===========================================================
buffer size: 512(KB)
waiting...
done!


total DRAM access(MB):  5.143890380859375
DRAM access breakdown[ifmap, ofmap, filter](MB):
0.57421875 0.59814453125 3.971527099609375




************************************************************
DNNVM:

===========================================================
buffer size: 512(KB)
waiting...
done!


total DRAM access(MB):  5.143890380859375
DRAM access breakdown[ifmap, ofmap, filter](MB):
0.57421875 0.59814453125 3.971527099609375




************************************************************
w/o Fusion:

===========================================================
buffer size: 512(KB)
waiting...
done!


total DRAM access(MB):  6.076995849609375
DRAM access breakdown[ifmap, ofmap, filter](MB):
0.0 2.10546875 3.971527099609375




************************************************************
HaFS:

===========================================================
buffer size: 512(KB)
waiting...
done!


['conv1', 'pool1', 'conv2_0_a']
[ 0, 1]
['conv2_br', 'conv2_0_b', 'conv2_0_c', 'conv2_0_res', 'conv2_1_a', 'conv2_1_b', 'conv2_1_c', 'conv2_1_res', 'conv2_2_a', 'conv2_2_b', 'conv2_2_c', 'conv2_2_res', 'conv3_0_a']
[ 4, 2, 3, 5, 6, 7, 8, 9, 10, 11, 12, 13, 14]
['conv3_br', 'conv3_0_b', 'conv3_0_c', 'conv3_0_res', 'conv3_1_a', 'conv3_1_b', 'conv3_1_c', 'conv3_1_res', 'conv3_2_a', 'conv3_2_b', 'conv3_2_c', 'conv3_2_res', 'conv3_3_a']
[ 17, 15, 16, 18, 19, 20, 21, 22, 23, 24, 25, 26, 27]
['conv3_3_b']
[ 28]
['conv3_3_c', 'conv3_3_res', 'conv4_0_a', 'conv4_0_b', 'conv4_br']
[ 29, 30, 31, 32, 34]
['conv4_0_c', 'conv4_0_res', 'conv4_1_a', 'conv4_1_b', 'conv4_1_c', 'conv4_1_res', 'conv4_2_a', 'conv4_2_b', 'conv4_2_c', 'conv4_2_res', 'conv4_3_a']
[ 33, 35, 36, 37, 38, 39, 40, 41, 42, 43, 44]
['conv4_3_b']
[ 45]
['conv4_3_c', 'conv4_3_res', 'conv4_4_a', 'conv4_4_b', 'conv4_4_c', 'conv4_4_res', 'conv4_5_a', 'conv4_5_b', 'conv4_5_c', 'conv4_5_res', 'conv5_0_a', 'conv5_0_b', 'conv5_0_c']
[ 46, 47, 48, 49, 50, 51, 52, 53, 54, 55, 56, 57, 58]
['conv5_br']
[ 59]
['conv5_0_res']
[ 60]
['conv5_1_a', 'conv5_1_b']
[ 61, 62]
['conv5_1_c']
[ 63]
['conv5_1_res']
[ 64]
['conv5_2_a', 'conv5_2_b']
[ 65, 66]
['conv5_2_c']
[ 67]
['conv5_2_res']
[ 68]
['pool5']
]
['fc']
]
total DRAM access(MB):  29.79484748840332
DRAM access breakdown[ifmap, ofmap, filter](MB):
2.5361328125 2.5361328125 24.72258186340332


['conv1', 'pool1', 'conv2_0_a'] True
[ifmap, ofmap, filters]: [150528, 401408, 13504]
['conv2_br', 'conv2_0_b', 'conv2_0_c', 'conv2_0_res', 'conv2_1_a', 'conv2_1_b', 'conv2_1_c', 'conv2_1_res', 'conv2_2_a', 'conv2_2_b', 'conv2_2_c', 'conv2_2_res', 'conv3_0_a'] True
[ifmap, ofmap, filters]: [401408, 903168, 241664]
['conv3_br', 'conv3_0_b', 'conv3_0_c', 'conv3_0_res', 'conv3_1_a', 'conv3_1_b', 'conv3_1_c', 'conv3_1_res', 'conv3_2_a', 'conv3_2_b', 'conv3_2_c', 'conv3_2_res', 'conv3_3_a'] False
[ifmap, ofmap, filters]: [903168, 501760, 1450358]
['conv3_3_b'] True
[ifmap, ofmap, filters]: [0, 0, 147456]
['conv3_3_c', 'conv3_3_res', 'conv4_0_a', 'conv4_0_b', 'conv4_br'] False
[ifmap, ofmap, filters]: [501760, 250880, 1313148]
['conv4_0_c', 'conv4_0_res', 'conv4_1_a', 'conv4_1_b', 'conv4_1_c', 'conv4_1_res', 'conv4_2_a', 'conv4_2_b', 'conv4_2_c', 'conv4_2_res', 'conv4_3_a'] False
[ifmap, ofmap, filters]: [250880, 250880, 2752512]
['conv4_3_b'] False
[ifmap, ofmap, filters]: [0, 0, 589824]
['conv4_3_c', 'conv4_3_res', 'conv4_4_a', 'conv4_4_b', 'conv4_4_c', 'conv4_4_res', 'conv4_5_a', 'conv4_5_b', 'conv4_5_c', 'conv4_5_res', 'conv5_0_a', 'conv5_0_b', 'conv5_0_c'] False
[ifmap, ofmap, filters]: [250880, 301056, 6356992]
['conv5_br'] False
[ifmap, ofmap, filters]: [0, 0, 2097152]
['conv5_0_res'] False
[ifmap, ofmap, filters]: [0, 0, 0]
['conv5_1_a', 'conv5_1_b'] False
[ifmap, ofmap, filters]: [100352, 25088, 3407872]
['conv5_1_c'] False
[ifmap, ofmap, filters]: [0, 0, 1048576]
['conv5_1_res'] False
[ifmap, ofmap, filters]: [0, 0, 0]
['conv5_2_a', 'conv5_2_b'] False
[ifmap, ofmap, filters]: [100352, 25088, 3407872]
['conv5_2_c'] False
[ifmap, ofmap, filters]: [0, 0, 1048576]
['conv5_2_res'] False
[ifmap, ofmap, filters]: [0, 0, 0]
['pool5'] False
[ifmap, ofmap, filters]: [0, 0, 0]
['fc'] False
[ifmap, ofmap, filters]: [0, 0, 2048000]


************************************************************
Efficient-S:

===========================================================
buffer size: 512(KB)
waiting...
done!


total DRAM access(MB):  28.500120162963867
DRAM access breakdown[ifmap, ofmap, filter](MB):
1.8662109375 2.312437057495117 24.32147216796875




************************************************************
DNNVM:

===========================================================
buffer size: 512(KB)
waiting...
done!


total DRAM access(MB):  33.90734672546387
DRAM access breakdown[ifmap, ofmap, filter](MB):
3.63671875 5.949155807495117 24.32147216796875




************************************************************
w/o Fusion:

===========================================================
buffer size: 512(KB)
waiting...
done!


total DRAM access(MB):  34.86437797546387
DRAM access breakdown[ifmap, ofmap, filter](MB):
3.0625 7.480405807495117 24.32147216796875




************************************************************
HaFS:

===========================================================
buffer size: 512(KB)
waiting...
done!


['conv4_0_a', 'conv4_0_b']
[ 0, 1]
['conv4_0_c', 'conv4_0_res', 'conv4_1_a', 'conv4_1_b', 'conv4_1_c', 'conv4_1_res', 'conv4_2_a', 'conv4_2_b', 'conv4_2_c', 'conv4_2_res', 'conv4_3_a']
[ 2, 3, 4, 5, 6, 7, 8, 9, 10, 11, 12]
['conv4_3_b']
[ 13]
['conv4_3_c', 'conv4_3_res', 'conv4_4_a', 'conv4_4_b', 'conv4_4_c', 'conv4_4_res', 'conv4_5_a', 'conv4_5_b', 'conv4_5_c', 'conv4_5_res', 'conv5_0_a', 'conv5_0_b', 'conv5_0_c']
[ 14, 15, 16, 17, 18, 19, 20, 21, 22, 23, 24, 25, 26]
['conv5_br']
[ 27]
['conv5_0_res']
[ 28]
['conv5_1_a', 'conv5_1_b']
[ 29, 30]
['conv5_1_c']
[ 31]
['conv5_1_res']
[ 32]
['conv5_2_a', 'conv5_2_b']
[ 33, 34]
['conv5_2_c']
[ 35]
['conv5_2_res']
[ 36]
['pool5']
]
['fc']
]
total DRAM access(MB):  23.9033203125
DRAM access breakdown[ifmap, ofmap, filter](MB):
0.7177734375 0.669921875 22.515625


['conv4_0_a', 'conv4_0_b'] False
[ifmap, ofmap, filters]: [200704, 100352, 851968]
['conv4_0_c', 'conv4_0_res', 'conv4_1_a', 'conv4_1_b', 'conv4_1_c', 'conv4_1_res', 'conv4_2_a', 'conv4_2_b', 'conv4_2_c', 'conv4_2_res', 'conv4_3_a'] False
[ifmap, ofmap, filters]: [100352, 250880, 2752512]
['conv4_3_b'] False
[ifmap, ofmap, filters]: [0, 0, 589824]
['conv4_3_c', 'conv4_3_res', 'conv4_4_a', 'conv4_4_b', 'conv4_4_c', 'conv4_4_res', 'conv4_5_a', 'conv4_5_b', 'conv4_5_c', 'conv4_5_res', 'conv5_0_a', 'conv5_0_b', 'conv5_0_c'] False
[ifmap, ofmap, filters]: [250880, 301056, 6356992]
['conv5_br'] False
[ifmap, ofmap, filters]: [0, 0, 2097152]
['conv5_0_res'] False
[ifmap, ofmap, filters]: [0, 0, 0]
['conv5_1_a', 'conv5_1_b'] False
[ifmap, ofmap, filters]: [100352, 25088, 3407872]
['conv5_1_c'] False
[ifmap, ofmap, filters]: [0, 0, 1048576]
['conv5_1_res'] False
[ifmap, ofmap, filters]: [0, 0, 0]
['conv5_2_a', 'conv5_2_b'] False
[ifmap, ofmap, filters]: [100352, 25088, 3407872]
['conv5_2_c'] False
[ifmap, ofmap, filters]: [0, 0, 1048576]
['conv5_2_res'] False
[ifmap, ofmap, filters]: [0, 0, 0]
['pool5'] False
[ifmap, ofmap, filters]: [0, 0, 0]
['fc'] False
[ifmap, ofmap, filters]: [0, 0, 2048000]


************************************************************
Efficient-S:

===========================================================
buffer size: 512(KB)
waiting...
done!


total DRAM access(MB):  22.865234375
DRAM access breakdown[ifmap, ofmap, filter](MB):
0.095703125 0.19140625 22.578125




************************************************************
DNNVM:

===========================================================
buffer size: 512(KB)
waiting...
done!


total DRAM access(MB):  22.578125
DRAM access breakdown[ifmap, ofmap, filter](MB):
0.0 0.0 22.578125




************************************************************
w/o Fusion:

===========================================================
buffer size: 512(KB)
waiting...
done!


total DRAM access(MB):  22.578125
DRAM access breakdown[ifmap, ofmap, filter](MB):
0.0 0.0 22.578125




************************************************************
HaFS:

===========================================================
buffer size: 512(KB)
waiting...
done!


['conv1', 'conv2', 'conv3_a_dw', 'conv3_b_pw', 'conv3_c_dw', 'conv3_d_pw', 'pool1', 'conv3_e_pw', 'conv3_res', 'conv4_e_pw']
[ 0, 1, 2, 3, 4, 5, 6, 7, 12]
['conv4_a_dw']
[ 8]
['conv4_b_pw', 'conv4_c_dw', 'conv4_d_pw', 'pool2']
[ 9, 10, 11]
['conv4_res']
[ 13]
['conv5_a_dw']
[ 14]
['conv5_e_pw', 'conv5_b_pw', 'conv5_c_dw', 'conv5_d_pw', 'pool3', 'conv5_res']
[ 18, 15, 16, 17, 19]
['conv6_a_dw']
[ 20]
['conv6_b_pw', 'conv6_c_dw', 'conv6_d_pw', 'conv6_e_dw']
[ 21, 22, 23, 24]
['conv6_f_pw', 'conv6_res', 'conv7_a_dw', 'conv7_b_pw', 'conv7_c_dw']
[ 25, 26, 27, 28, 29]
['conv7_d_pw', 'conv7_e_dw', 'conv7_f_pw']
[ 30, 31, 32]
['conv7_res']
[ 33]
['conv8_a_dw']
[ 34]
['conv8_b_pw', 'conv8_c_dw', 'conv8_d_pw', 'conv8_e_dw']
[ 35, 36, 37, 38]
['conv8_f_pw', 'conv8_res', 'conv9_a_dw', 'conv9_b_pw', 'conv9_c_dw']
[ 39, 40, 41, 42, 43]
['conv9_d_pw', 'conv9_e_dw', 'conv9_f_pw']
[ 44, 45, 46]
['conv9_res']
[ 47]
['conv10_a_dw']
[ 48]
['conv10_b_pw', 'conv10_c_dw', 'conv10_d_pw', 'conv10_e_dw']
[ 49, 50, 51, 52]
['conv10_f_pw', 'conv10_res', 'conv11_a_dw', 'conv11_b_pw', 'conv11_c_dw']
[ 53, 54, 55, 56, 57]
['conv11_d_pw', 'conv11_e_dw', 'conv11_f_pw']
[ 58, 59, 60]
['conv11_res']
[ 61]
['conv12_a_dw']
[ 62]
['conv12_b_pw', 'conv12_c_dw', 'conv12_d_pw', 'conv12_e_dw']
[ 63, 64, 65, 66]
['conv12_f_pw', 'conv12_res', 'conv13_a_dw', 'conv13_b_pw', 'conv13_c_dw']
[ 67, 68, 69, 70, 71]
['conv13_d_pw', 'conv13_e_dw', 'conv13_f_pw']
[ 72, 73, 74]
['conv13_res']
[ 75]
['conv14_a_dw']
[ 76]
['conv14_e_pw', 'conv14_b_pw', 'conv14_c_dw', 'conv14_d_pw', 'pool4', 'conv14_res', 'conv15_a_dw', 'conv15_b_pw', 'conv15_c_dw']
[ 80, 77, 78, 79, 81, 82, 83, 84]
['conv15_d_pw']
[ 85]
['pool5']
]
['fc']
]
total DRAM access(MB):  27.450475692749023
DRAM access breakdown[ifmap, ofmap, filter](MB):
3.35858154296875 3.150726318359375 20.9411678314209


['conv1', 'conv2', 'conv3_a_dw', 'conv3_b_pw', 'conv3_c_dw', 'conv3_d_pw', 'pool1', 'conv3_e_pw', 'conv3_res', 'conv4_e_pw'] True
[ifmap, ofmap, filters]: [150528, 602112, 84832]
['conv4_a_dw'] False
[ifmap, ofmap, filters]: [0, 0, 0]
['conv4_b_pw', 'conv4_c_dw', 'conv4_d_pw', 'pool2'] True
[ifmap, ofmap, filters]: [401408, 200704, 98304]
['conv4_res'] False
[ifmap, ofmap, filters]: [0, 0, 0]
['conv5_a_dw'] False
[ifmap, ofmap, filters]: [0, 0, 0]
['conv5_e_pw', 'conv5_b_pw', 'conv5_c_dw', 'conv5_d_pw', 'pool3', 'conv5_res'] False
[ifmap, ofmap, filters]: [401408, 142688, 1153766]
['conv6_a_dw'] False
[ifmap, ofmap, filters]: [0, 0, 0]
['conv6_b_pw', 'conv6_c_dw', 'conv6_d_pw', 'conv6_e_dw'] False
[ifmap, ofmap, filters]: [142688, 142688, 1059968]
['conv6_f_pw', 'conv6_res', 'conv7_a_dw', 'conv7_b_pw', 'conv7_c_dw'] False
[ifmap, ofmap, filters]: [285376, 285376, 1059968]
['conv7_d_pw', 'conv7_e_dw', 'conv7_f_pw'] False
[ifmap, ofmap, filters]: [142688, 142688, 1059968]
['conv7_res'] False
[ifmap, ofmap, filters]: [0, 0, 0]
['conv8_a_dw'] False
[ifmap, ofmap, filters]: [0, 0, 0]
['conv8_b_pw', 'conv8_c_dw', 'conv8_d_pw', 'conv8_e_dw'] False
[ifmap, ofmap, filters]: [142688, 142688, 1059968]
['conv8_f_pw', 'conv8_res', 'conv9_a_dw', 'conv9_b_pw', 'conv9_c_dw'] False
[ifmap, ofmap, filters]: [285376, 285376, 1059968]
['conv9_d_pw', 'conv9_e_dw', 'conv9_f_pw'] False
[ifmap, ofmap, filters]: [142688, 142688, 1059968]
['conv9_res'] False
[ifmap, ofmap, filters]: [0, 0, 0]
['conv10_a_dw'] False
[ifmap, ofmap, filters]: [0, 0, 0]
['conv10_b_pw', 'conv10_c_dw', 'conv10_d_pw', 'conv10_e_dw'] False
[ifmap, ofmap, filters]: [142688, 142688, 1059968]
['conv10_f_pw', 'conv10_res', 'conv11_a_dw', 'conv11_b_pw', 'conv11_c_dw'] False
[ifmap, ofmap, filters]: [285376, 285376, 1059968]
['conv11_d_pw', 'conv11_e_dw', 'conv11_f_pw'] False
[ifmap, ofmap, filters]: [142688, 142688, 1059968]
['conv11_res'] False
[ifmap, ofmap, filters]: [0, 0, 0]
['conv12_a_dw'] False
[ifmap, ofmap, filters]: [0, 0, 0]
['conv12_b_pw', 'conv12_c_dw', 'conv12_d_pw', 'conv12_e_dw'] False
[ifmap, ofmap, filters]: [142688, 142688, 1059968]
['conv12_f_pw', 'conv12_res', 'conv13_a_dw', 'conv13_b_pw', 'conv13_c_dw'] False
[ifmap, ofmap, filters]: [285376, 285376, 1059968]
['conv13_d_pw', 'conv13_e_dw', 'conv13_f_pw'] False
[ifmap, ofmap, filters]: [142688, 142688, 1059968]
['conv13_res'] False
[ifmap, ofmap, filters]: [0, 0, 0]
['conv14_a_dw'] False
[ifmap, ofmap, filters]: [0, 0, 0]
['conv14_e_pw', 'conv14_b_pw', 'conv14_c_dw', 'conv14_d_pw', 'pool4', 'conv14_res', 'conv15_a_dw', 'conv15_b_pw', 'conv15_c_dw'] False
[ifmap, ofmap, filters]: [285376, 75264, 2708160]
['conv15_d_pw'] False
[ifmap, ofmap, filters]: [0, 0, 3145728]
['pool5'] False
[ifmap, ofmap, filters]: [0, 0, 0]
['fc'] False
[ifmap, ofmap, filters]: [0, 0, 2048000]


************************************************************
Efficient-S:

===========================================================
buffer size: 512(KB)
waiting...
done!


total DRAM access(MB):  31.198835372924805
DRAM access breakdown[ifmap, ofmap, filter](MB):
3.640634536743164 2.534637451171875 25.023563385009766




************************************************************
DNNVM:

===========================================================
buffer size: 512(KB)
waiting...
done!


total DRAM access(MB):  33.80821704864502
DRAM access breakdown[ifmap, ofmap, filter](MB):
4.836923599243164 3.9298095703125 25.041483879089355




************************************************************
w/o Fusion:

===========================================================
buffer size: 512(KB)
waiting...
done!


total DRAM access(MB):  39.63019275665283
DRAM access breakdown[ifmap, ofmap, filter](MB):
6.559579849243164 7.9493408203125 25.121272087097168




************************************************************
HaFS:

===========================================================
buffer size: 512(KB)
waiting...
done!


['conv6_a_dw']
[ 0]
['conv6_b_pw', 'conv6_c_dw', 'conv6_d_pw', 'conv6_e_dw']
[ 1, 2, 3, 4]
['conv6_f_pw', 'conv6_res', 'conv7_a_dw', 'conv7_b_pw', 'conv7_c_dw']
[ 5, 6, 7, 8, 9]
['conv7_d_pw', 'conv7_e_dw', 'conv7_f_pw']
[ 10, 11, 12]
['conv7_res']
[ 13]
['conv8_a_dw']
[ 14]
['conv8_b_pw', 'conv8_c_dw', 'conv8_d_pw', 'conv8_e_dw']
[ 15, 16, 17, 18]
['conv8_f_pw', 'conv8_res', 'conv9_a_dw', 'conv9_b_pw', 'conv9_c_dw']
[ 19, 20, 21, 22, 23]
['conv9_d_pw', 'conv9_e_dw', 'conv9_f_pw']
[ 24, 25, 26]
['conv9_res']
[ 27]
['conv10_a_dw']
[ 28]
['conv10_b_pw', 'conv10_c_dw', 'conv10_d_pw', 'conv10_e_dw']
[ 29, 30, 31, 32]
['conv10_f_pw', 'conv10_res', 'conv11_a_dw', 'conv11_b_pw', 'conv11_c_dw']
[ 33, 34, 35, 36, 37]
['conv11_d_pw', 'conv11_e_dw', 'conv11_f_pw']
[ 38, 39, 40]
['conv11_res']
[ 41]
['conv12_a_dw']
[ 42]
['conv12_b_pw', 'conv12_c_dw', 'conv12_d_pw', 'conv12_e_dw']
[ 43, 44, 45, 46]
['conv12_f_pw', 'conv12_res', 'conv13_a_dw', 'conv13_b_pw', 'conv13_c_dw']
[ 47, 48, 49, 50, 51]
['conv13_d_pw', 'conv13_e_dw', 'conv13_f_pw']
[ 52, 53, 54]
['conv13_res']
[ 55]
['conv14_a_dw']
[ 56]
['conv14_e_pw', 'conv14_b_pw', 'conv14_c_dw', 'conv14_d_pw', 'pool4', 'conv14_res', 'conv15_a_dw', 'conv15_b_pw', 'conv15_c_dw']
[ 60, 57, 58, 59, 61, 62, 63, 64]
['conv15_d_pw']
[ 65]
['pool5']
]
['fc']
]
total DRAM access(MB):  24.3646240234375
DRAM access breakdown[ifmap, ofmap, filter](MB):
2.44940185546875 2.2490234375 19.66619873046875


['conv6_a_dw'] False
[ifmap, ofmap, filters]: [0, 0, 0]
['conv6_b_pw', 'conv6_c_dw', 'conv6_d_pw', 'conv6_e_dw'] False
[ifmap, ofmap, filters]: [142688, 142688, 1059968]
['conv6_f_pw', 'conv6_res', 'conv7_a_dw', 'conv7_b_pw', 'conv7_c_dw'] False
[ifmap, ofmap, filters]: [285376, 285376, 1059968]
['conv7_d_pw', 'conv7_e_dw', 'conv7_f_pw'] False
[ifmap, ofmap, filters]: [142688, 142688, 1059968]
['conv7_res'] False
[ifmap, ofmap, filters]: [0, 0, 0]
['conv8_a_dw'] False
[ifmap, ofmap, filters]: [0, 0, 0]
['conv8_b_pw', 'conv8_c_dw', 'conv8_d_pw', 'conv8_e_dw'] False
[ifmap, ofmap, filters]: [142688, 142688, 1059968]
['conv8_f_pw', 'conv8_res', 'conv9_a_dw', 'conv9_b_pw', 'conv9_c_dw'] False
[ifmap, ofmap, filters]: [285376, 285376, 1059968]
['conv9_d_pw', 'conv9_e_dw', 'conv9_f_pw'] False
[ifmap, ofmap, filters]: [142688, 142688, 1059968]
['conv9_res'] False
[ifmap, ofmap, filters]: [0, 0, 0]
['conv10_a_dw'] False
[ifmap, ofmap, filters]: [0, 0, 0]
['conv10_b_pw', 'conv10_c_dw', 'conv10_d_pw', 'conv10_e_dw'] False
[ifmap, ofmap, filters]: [142688, 142688, 1059968]
['conv10_f_pw', 'conv10_res', 'conv11_a_dw', 'conv11_b_pw', 'conv11_c_dw'] False
[ifmap, ofmap, filters]: [285376, 285376, 1059968]
['conv11_d_pw', 'conv11_e_dw', 'conv11_f_pw'] False
[ifmap, ofmap, filters]: [142688, 142688, 1059968]
['conv11_res'] False
[ifmap, ofmap, filters]: [0, 0, 0]
['conv12_a_dw'] False
[ifmap, ofmap, filters]: [0, 0, 0]
['conv12_b_pw', 'conv12_c_dw', 'conv12_d_pw', 'conv12_e_dw'] False
[ifmap, ofmap, filters]: [142688, 142688, 1059968]
['conv12_f_pw', 'conv12_res', 'conv13_a_dw', 'conv13_b_pw', 'conv13_c_dw'] False
[ifmap, ofmap, filters]: [285376, 285376, 1059968]
['conv13_d_pw', 'conv13_e_dw', 'conv13_f_pw'] False
[ifmap, ofmap, filters]: [142688, 142688, 1059968]
['conv13_res'] False
[ifmap, ofmap, filters]: [0, 0, 0]
['conv14_a_dw'] False
[ifmap, ofmap, filters]: [0, 0, 0]
['conv14_e_pw', 'conv14_b_pw', 'conv14_c_dw', 'conv14_d_pw', 'pool4', 'conv14_res', 'conv15_a_dw', 'conv15_b_pw', 'conv15_c_dw'] False
[ifmap, ofmap, filters]: [285376, 75264, 2708160]
['conv15_d_pw'] False
[ifmap, ofmap, filters]: [0, 0, 3145728]
['pool5'] False
[ifmap, ofmap, filters]: [0, 0, 0]
['fc'] False
[ifmap, ofmap, filters]: [0, 0, 2048000]


************************************************************
Efficient-S:

===========================================================
buffer size: 512(KB)
waiting...
done!


total DRAM access(MB):  22.49763298034668
DRAM access breakdown[ifmap, ofmap, filter](MB):
2.17724609375 0.5443115234375 19.77607536315918




************************************************************
DNNVM:

===========================================================
buffer size: 512(KB)
waiting...
done!


total DRAM access(MB):  22.49763298034668
DRAM access breakdown[ifmap, ofmap, filter](MB):
2.17724609375 0.5443115234375 19.77607536315918




************************************************************
w/o Fusion:

===========================================================
buffer size: 512(KB)
waiting...
done!


total DRAM access(MB):  22.49763298034668
DRAM access breakdown[ifmap, ofmap, filter](MB):
2.17724609375 0.5443115234375 19.77607536315918




************************************************************
HaFS:

===========================================================
buffer size: 1024(KB)
waiting...
done!


['conv1', 'conv2_1_dw', 'conv2_1_pw', 'conv2_2_dw', 'conv2_2_pw', 'conv3_1_dw', 'conv3_1_pw', 'conv3_2_dw', 'conv3_2_pw', 'conv4_1_dw', 'conv4_1_pw', 'conv4_2_dw']
[ 0, 1, 2, 3, 4, 5, 6, 7, 8, 9, 10, 11]
['conv4_2_pw', 'conv5_1_dw', 'conv5_1_pw']
[ 12, 13, 14]
['conv5_2_dw']
[ 15]
['conv5_2_pw', 'conv5_3_dw', 'conv5_3_pw']
[ 16, 17, 18]
['conv5_4_dw']
[ 19]
['conv5_4_pw', 'conv5_5_dw', 'conv5_5_pw', 'conv5_6_dw']
[ 20, 21, 22, 23]
['conv5_6_pw', 'conv6_dw']
[ 24, 25]
['conv6_pw', 'pool6']
[ 26]
['fc']
]
total DRAM access(MB):  4.738128662109375
DRAM access breakdown[ifmap, ofmap, filter](MB):
0.45458984375 0.31201171875 3.971527099609375


['conv1', 'conv2_1_dw', 'conv2_1_pw', 'conv2_2_dw', 'conv2_2_pw', 'conv3_1_dw', 'conv3_1_pw', 'conv3_2_dw', 'conv3_2_pw', 'conv4_1_dw', 'conv4_1_pw', 'conv4_2_dw'] True
[ifmap, ofmap, filters]: [150528, 50176, 125792]
['conv4_2_pw', 'conv5_1_dw', 'conv5_1_pw'] True
[ifmap, ofmap, filters]: [50176, 100352, 393216]
['conv5_2_dw'] False
[ifmap, ofmap, filters]: [0, 0, 0]
['conv5_2_pw', 'conv5_3_dw', 'conv5_3_pw'] True
[ifmap, ofmap, filters]: [100352, 100352, 524288]
['conv5_4_dw'] False
[ifmap, ofmap, filters]: [0, 0, 0]
['conv5_4_pw', 'conv5_5_dw', 'conv5_5_pw', 'conv5_6_dw'] True
[ifmap, ofmap, filters]: [100352, 25088, 524288]
['conv5_6_pw', 'conv6_dw'] True
[ifmap, ofmap, filters]: [25088, 50176, 524288]
['conv6_pw', 'pool6'] False
[ifmap, ofmap, filters]: [50176, 1024, 1048576]
['fc'] True
[ifmap, ofmap, filters]: [0, 0, 1024000]


************************************************************
Efficient-S:

===========================================================
buffer size: 1024(KB)
waiting...
done!


total DRAM access(MB):  4.497894287109375
DRAM access breakdown[ifmap, ofmap, filter](MB):
0.31103515625 0.21533203125 3.971527099609375




************************************************************
DNNVM:

===========================================================
buffer size: 1024(KB)
waiting...
done!


total DRAM access(MB):  4.497894287109375
DRAM access breakdown[ifmap, ofmap, filter](MB):
0.31103515625 0.21533203125 3.971527099609375




************************************************************
w/o Fusion:

===========================================================
buffer size: 1024(KB)
waiting...
done!


total DRAM access(MB):  5.119964599609375
DRAM access breakdown[ifmap, ofmap, filter](MB):
0.0 1.1484375 3.971527099609375




************************************************************
HaFS:

===========================================================
buffer size: 1024(KB)
waiting...
done!


['conv1', 'pool1', 'conv2_0_a']
[ 0, 1]
['conv2_br', 'conv2_0_b', 'conv2_0_c', 'conv2_0_res', 'conv2_1_a', 'conv2_1_b', 'conv2_1_c', 'conv2_1_res', 'conv2_2_a', 'conv2_2_b', 'conv2_2_c', 'conv2_2_res', 'conv3_0_a']
[ 4, 2, 3, 5, 6, 7, 8, 9, 10, 11, 12, 13, 14]
['conv3_br', 'conv3_0_b', 'conv3_0_c', 'conv3_0_res', 'conv3_1_a', 'conv3_1_b', 'conv3_1_c', 'conv3_1_res', 'conv3_2_a', 'conv3_2_b', 'conv3_2_c', 'conv3_2_res', 'conv3_3_a', 'conv3_3_b', 'conv3_3_c', 'conv3_3_res', 'conv4_0_a']
[ 17, 15, 16, 18, 19, 20, 21, 22, 23, 24, 25, 26, 27, 28, 29, 30, 31]
['conv4_0_b', 'conv4_0_c']
[ 32, 33]
['conv4_br']
[ 34]
['conv4_0_res']
[ 35]
['conv4_1_a', 'conv4_1_b']
[ 36, 37]
['conv4_1_c', 'conv4_1_res', 'conv4_2_a']
[ 38, 39, 40]
['conv4_2_b', 'conv4_2_c']
[ 41, 42]
['conv4_2_res']
[ 43]
['conv4_3_a', 'conv4_3_b']
[ 44, 45]
['conv4_3_c', 'conv4_3_res', 'conv4_4_a']
[ 46, 47, 48]
['conv4_4_b', 'conv4_4_c']
[ 49, 50]
['conv4_4_res']
[ 51]
['conv4_5_a', 'conv4_5_b']
[ 52, 53]
['conv4_5_c', 'conv4_5_res', 'conv5_0_a']
[ 54, 55, 56]
['conv5_0_b']
[ 57]
['conv5_br', 'conv5_0_c', 'conv5_0_res', 'conv5_1_a']
[ 59, 58, 60, 61]
['conv5_1_b']
[ 62]
['conv5_1_c']
[ 63]
['conv5_1_res']
[ 64]
['conv5_2_a', 'conv5_2_b']
[ 65, 66]
['conv5_2_c']
[ 67]
['conv5_2_res']
[ 68]
['pool5']
]
['fc']
]
total DRAM access(MB):  30.72955894470215
DRAM access breakdown[ifmap, ofmap, filter](MB):
3.13427734375 3.22998046875 24.36530113220215


['conv1', 'pool1', 'conv2_0_a'] True
[ifmap, ofmap, filters]: [150528, 401408, 13504]
['conv2_br', 'conv2_0_b', 'conv2_0_c', 'conv2_0_res', 'conv2_1_a', 'conv2_1_b', 'conv2_1_c', 'conv2_1_res', 'conv2_2_a', 'conv2_2_b', 'conv2_2_c', 'conv2_2_res', 'conv3_0_a'] True
[ifmap, ofmap, filters]: [401408, 903168, 241664]
['conv3_br', 'conv3_0_b', 'conv3_0_c', 'conv3_0_res', 'conv3_1_a', 'conv3_1_b', 'conv3_1_c', 'conv3_1_res', 'conv3_2_a', 'conv3_2_b', 'conv3_2_c', 'conv3_2_res', 'conv3_3_a', 'conv3_3_b', 'conv3_3_c', 'conv3_3_res', 'conv4_0_a'] False
[ifmap, ofmap, filters]: [903168, 451584, 1356678]
['conv4_0_b', 'conv4_0_c'] True
[ifmap, ofmap, filters]: [50176, 200704, 851968]
['conv4_br'] True
[ifmap, ofmap, filters]: [0, 0, 524288]
['conv4_0_res'] False
[ifmap, ofmap, filters]: [0, 0, 0]
['conv4_1_a', 'conv4_1_b'] True
[ifmap, ofmap, filters]: [200704, 50176, 851968]
['conv4_1_c', 'conv4_1_res', 'conv4_2_a'] True
[ifmap, ofmap, filters]: [250880, 250880, 524288]
['conv4_2_b', 'conv4_2_c'] True
[ifmap, ofmap, filters]: [50176, 200704, 851968]
['conv4_2_res'] False
[ifmap, ofmap, filters]: [0, 0, 0]
['conv4_3_a', 'conv4_3_b'] True
[ifmap, ofmap, filters]: [200704, 50176, 851968]
['conv4_3_c', 'conv4_3_res', 'conv4_4_a'] True
[ifmap, ofmap, filters]: [250880, 250880, 524288]
['conv4_4_b', 'conv4_4_c'] True
[ifmap, ofmap, filters]: [50176, 200704, 851968]
['conv4_4_res'] False
[ifmap, ofmap, filters]: [0, 0, 0]
['conv4_5_a', 'conv4_5_b'] True
[ifmap, ofmap, filters]: [200704, 50176, 851968]
['conv4_5_c', 'conv4_5_res', 'conv5_0_a'] True
[ifmap, ofmap, filters]: [250880, 225792, 786432]
['conv5_0_b'] False
[ifmap, ofmap, filters]: [0, 0, 2359296]
['conv5_br', 'conv5_0_c', 'conv5_0_res', 'conv5_1_a'] False
[ifmap, ofmap, filters]: [225792, 125440, 4194304]
['conv5_1_b'] False
[ifmap, ofmap, filters]: [0, 0, 2359296]
['conv5_1_c'] False
[ifmap, ofmap, filters]: [0, 0, 1048576]
['conv5_1_res'] False
[ifmap, ofmap, filters]: [0, 0, 0]
['conv5_2_a', 'conv5_2_b'] False
[ifmap, ofmap, filters]: [100352, 25088, 3407872]
['conv5_2_c'] False
[ifmap, ofmap, filters]: [0, 0, 1048576]
['conv5_2_res'] False
[ifmap, ofmap, filters]: [0, 0, 0]
['pool5'] False
[ifmap, ofmap, filters]: [0, 0, 0]
['fc'] False
[ifmap, ofmap, filters]: [0, 0, 2048000]


************************************************************
Efficient-S:

===========================================================
buffer size: 1024(KB)
waiting...
done!


total DRAM access(MB):  29.58514404296875
DRAM access breakdown[ifmap, ofmap, filter](MB):
2.392578125 2.87109375 24.32147216796875




************************************************************
DNNVM:

===========================================================
buffer size: 1024(KB)
waiting...
done!


total DRAM access(MB):  35.84809684753418
DRAM access breakdown[ifmap, ofmap, filter](MB):
5.0244140625 6.412109375 24.41157341003418




************************************************************
w/o Fusion:

===========================================================
buffer size: 1024(KB)
waiting...
done!


total DRAM access(MB):  28.918225288391113
DRAM access breakdown[ifmap, ofmap, filter](MB):
0.0 4.596753120422363 24.32147216796875




************************************************************
HaFS:

===========================================================
buffer size: 1024(KB)
waiting...
done!


['conv4_0_a', 'conv4_0_b']
[ 0, 1]
['conv4_0_c', 'conv4_0_res', 'conv4_1_a']
[ 2, 3, 4]
['conv4_1_b', 'conv4_1_c']
[ 5, 6]
['conv4_1_res']
[ 7]
['conv4_2_a', 'conv4_2_b']
[ 8, 9]
['conv4_2_c', 'conv4_2_res', 'conv4_3_a']
[ 10, 11, 12]
['conv4_3_b', 'conv4_3_c']
[ 13, 14]
['conv4_3_res']
[ 15]
['conv4_4_a', 'conv4_4_b']
[ 16, 17]
['conv4_4_c']
[ 18]
['conv4_4_res']
[ 19]
['conv4_5_a', 'conv4_5_b']
[ 20, 21]
['conv4_5_c', 'conv4_5_res', 'conv5_0_a']
[ 22, 23, 24]
['conv5_0_b']
[ 25]
['conv5_br', 'conv5_0_c', 'conv5_0_res', 'conv5_1_a']
[ 27, 26, 28, 29]
['conv5_1_b']
[ 30]
['conv5_1_c']
[ 31]
['conv5_1_res']
[ 32]
['conv5_2_a', 'conv5_2_b']
[ 33, 34]
['conv5_2_c']
[ 35]
['conv5_2_res']
[ 36]
['pool5']
]
['fc']
]
total DRAM access(MB):  25.7841796875
DRAM access breakdown[ifmap, ofmap, filter](MB):
1.74658203125 1.45947265625 22.578125


['conv4_0_a', 'conv4_0_b'] True
[ifmap, ofmap, filters]: [200704, 100352, 851968]
['conv4_0_c', 'conv4_0_res', 'conv4_1_a'] True
[ifmap, ofmap, filters]: [100352, 250880, 524288]
['conv4_1_b', 'conv4_1_c'] True
[ifmap, ofmap, filters]: [50176, 200704, 851968]
['conv4_1_res'] False
[ifmap, ofmap, filters]: [0, 0, 0]
['conv4_2_a', 'conv4_2_b'] True
[ifmap, ofmap, filters]: [200704, 50176, 851968]
['conv4_2_c', 'conv4_2_res', 'conv4_3_a'] True
[ifmap, ofmap, filters]: [250880, 250880, 524288]
['conv4_3_b', 'conv4_3_c'] True
[ifmap, ofmap, filters]: [50176, 200704, 851968]
['conv4_3_res'] False
[ifmap, ofmap, filters]: [0, 0, 0]
['conv4_4_a', 'conv4_4_b'] True
[ifmap, ofmap, filters]: [200704, 50176, 851968]
['conv4_4_c'] True
[ifmap, ofmap, filters]: [0, 0, 262144]
['conv4_4_res'] False
[ifmap, ofmap, filters]: [0, 0, 0]
['conv4_5_a', 'conv4_5_b'] True
[ifmap, ofmap, filters]: [200704, 50176, 851968]
['conv4_5_c', 'conv4_5_res', 'conv5_0_a'] True
[ifmap, ofmap, filters]: [250880, 225792, 786432]
['conv5_0_b'] False
[ifmap, ofmap, filters]: [0, 0, 2359296]
['conv5_br', 'conv5_0_c', 'conv5_0_res', 'conv5_1_a'] False
[ifmap, ofmap, filters]: [225792, 125440, 4194304]
['conv5_1_b'] False
[ifmap, ofmap, filters]: [0, 0, 2359296]
['conv5_1_c'] False
[ifmap, ofmap, filters]: [0, 0, 1048576]
['conv5_1_res'] False
[ifmap, ofmap, filters]: [0, 0, 0]
['conv5_2_a', 'conv5_2_b'] False
[ifmap, ofmap, filters]: [100352, 25088, 3407872]
['conv5_2_c'] False
[ifmap, ofmap, filters]: [0, 0, 1048576]
['conv5_2_res'] False
[ifmap, ofmap, filters]: [0, 0, 0]
['pool5'] False
[ifmap, ofmap, filters]: [0, 0, 0]
['fc'] False
[ifmap, ofmap, filters]: [0, 0, 2048000]


************************************************************
Efficient-S:

===========================================================
buffer size: 1024(KB)
waiting...
done!


total DRAM access(MB):  25.353515625
DRAM access breakdown[ifmap, ofmap, filter](MB):
1.2919921875 1.4833984375 22.578125




************************************************************
DNNVM:

===========================================================
buffer size: 1024(KB)
waiting...
done!


total DRAM access(MB):  24.013671875
DRAM access breakdown[ifmap, ofmap, filter](MB):
1.0048828125 0.4306640625 22.578125




************************************************************
w/o Fusion:

===========================================================
buffer size: 1024(KB)
waiting...
done!


total DRAM access(MB):  22.578125
DRAM access breakdown[ifmap, ofmap, filter](MB):
0.0 0.0 22.578125




************************************************************
HaFS:

===========================================================
buffer size: 1024(KB)
waiting...
done!


['conv1', 'conv2', 'conv3_a_dw', 'conv3_b_pw', 'conv3_c_dw', 'conv3_d_pw', 'pool1', 'conv3_e_pw', 'conv3_res', 'conv4_a_dw', 'conv4_e_pw']
[ 0, 1, 2, 3, 4, 5, 6, 7, 8, 12]
['conv4_b_pw', 'conv4_c_dw', 'conv4_d_pw', 'pool2']
[ 9, 10, 11]
['conv4_res']
[ 13]
['conv5_a_dw']
[ 14]
['conv5_e_pw', 'conv5_b_pw', 'conv5_c_dw', 'conv5_d_pw', 'pool3', 'conv5_res', 'conv6_a_dw', 'conv6_b_pw']
[ 18, 15, 16, 17, 19, 20, 21]
['conv6_c_dw']
[ 22]
['conv6_d_pw', 'conv6_e_dw', 'conv6_f_pw']
[ 23, 24, 25]
['conv6_res']
[ 26]
['conv7_a_dw']
[ 27]
['conv7_b_pw', 'conv7_c_dw', 'conv7_d_pw', 'conv7_e_dw']
[ 28, 29, 30, 31]
['conv7_f_pw', 'conv7_res', 'conv8_a_dw', 'conv8_b_pw', 'conv8_c_dw']
[ 32, 33, 34, 35, 36]
['conv8_d_pw', 'conv8_e_dw', 'conv8_f_pw']
[ 37, 38, 39]
['conv8_res']
[ 40]
['conv9_a_dw']
[ 41]
['conv9_b_pw', 'conv9_c_dw', 'conv9_d_pw', 'conv9_e_dw']
[ 42, 43, 44, 45]
['conv9_f_pw', 'conv9_res', 'conv10_a_dw', 'conv10_b_pw', 'conv10_c_dw']
[ 46, 47, 48, 49, 50]
['conv10_d_pw', 'conv10_e_dw', 'conv10_f_pw']
[ 51, 52, 53]
['conv10_res']
[ 54]
['conv11_a_dw']
[ 55]
['conv11_b_pw', 'conv11_c_dw', 'conv11_d_pw', 'conv11_e_dw']
[ 56, 57, 58, 59]
['conv11_f_pw', 'conv11_res', 'conv12_a_dw', 'conv12_b_pw', 'conv12_c_dw']
[ 60, 61, 62, 63, 64]
['conv12_d_pw', 'conv12_e_dw', 'conv12_f_pw']
[ 65, 66, 67]
['conv12_res']
[ 68]
['conv13_a_dw']
[ 69]
['conv13_b_pw', 'conv13_c_dw', 'conv13_d_pw', 'conv13_e_dw']
[ 70, 71, 72, 73]
['conv13_f_pw']
[ 74]
['conv13_res']
[ 75]
['conv14_a_dw']
[ 76]
['conv14_e_pw', 'conv14_b_pw', 'conv14_c_dw', 'conv14_d_pw', 'pool4', 'conv14_res', 'conv15_a_dw']
[ 80, 77, 78, 79, 81, 82]
['conv15_b_pw']
[ 83]
['conv15_c_dw']
[ 84]
['conv15_d_pw']
[ 85]
['pool5']
]
['fc']
]
total DRAM access(MB):  26.76506805419922
DRAM access breakdown[ifmap, ofmap, filter](MB):
3.08642578125 2.9768905639648438 20.701751708984375


['conv1', 'conv2', 'conv3_a_dw', 'conv3_b_pw', 'conv3_c_dw', 'conv3_d_pw', 'pool1', 'conv3_e_pw', 'conv3_res', 'conv4_a_dw', 'conv4_e_pw'] True
[ifmap, ofmap, filters]: [150528, 602112, 84832]
['conv4_b_pw', 'conv4_c_dw', 'conv4_d_pw', 'pool2'] True
[ifmap, ofmap, filters]: [401408, 200704, 98304]
['conv4_res'] False
[ifmap, ofmap, filters]: [0, 0, 0]
['conv5_a_dw'] False
[ifmap, ofmap, filters]: [0, 0, 0]
['conv5_e_pw', 'conv5_b_pw', 'conv5_c_dw', 'conv5_d_pw', 'pool3', 'conv5_res', 'conv6_a_dw', 'conv6_b_pw'] False
[ifmap, ofmap, filters]: [401408, 285376, 1432704]
['conv6_c_dw'] False
[ifmap, ofmap, filters]: [0, 0, 0]
['conv6_d_pw', 'conv6_e_dw', 'conv6_f_pw'] False
[ifmap, ofmap, filters]: [142688, 142688, 1059968]
['conv6_res'] False
[ifmap, ofmap, filters]: [0, 0, 0]
['conv7_a_dw'] False
[ifmap, ofmap, filters]: [0, 0, 0]
['conv7_b_pw', 'conv7_c_dw', 'conv7_d_pw', 'conv7_e_dw'] False
[ifmap, ofmap, filters]: [142688, 142688, 1059968]
['conv7_f_pw', 'conv7_res', 'conv8_a_dw', 'conv8_b_pw', 'conv8_c_dw'] False
[ifmap, ofmap, filters]: [285376, 285376, 1059968]
['conv8_d_pw', 'conv8_e_dw', 'conv8_f_pw'] False
[ifmap, ofmap, filters]: [142688, 142688, 1059968]
['conv8_res'] False
[ifmap, ofmap, filters]: [0, 0, 0]
['conv9_a_dw'] False
[ifmap, ofmap, filters]: [0, 0, 0]
['conv9_b_pw', 'conv9_c_dw', 'conv9_d_pw', 'conv9_e_dw'] False
[ifmap, ofmap, filters]: [142688, 142688, 1059968]
['conv9_f_pw', 'conv9_res', 'conv10_a_dw', 'conv10_b_pw', 'conv10_c_dw'] False
[ifmap, ofmap, filters]: [285376, 285376, 1059968]
['conv10_d_pw', 'conv10_e_dw', 'conv10_f_pw'] False
[ifmap, ofmap, filters]: [142688, 142688, 1059968]
['conv10_res'] False
[ifmap, ofmap, filters]: [0, 0, 0]
['conv11_a_dw'] False
[ifmap, ofmap, filters]: [0, 0, 0]
['conv11_b_pw', 'conv11_c_dw', 'conv11_d_pw', 'conv11_e_dw'] False
[ifmap, ofmap, filters]: [142688, 142688, 1059968]
['conv11_f_pw', 'conv11_res', 'conv12_a_dw', 'conv12_b_pw', 'conv12_c_dw'] False
[ifmap, ofmap, filters]: [285376, 285376, 1059968]
['conv12_d_pw', 'conv12_e_dw', 'conv12_f_pw'] False
[ifmap, ofmap, filters]: [142688, 142688, 1059968]
['conv12_res'] False
[ifmap, ofmap, filters]: [0, 0, 0]
['conv13_a_dw'] False
[ifmap, ofmap, filters]: [0, 0, 0]
['conv13_b_pw', 'conv13_c_dw', 'conv13_d_pw', 'conv13_e_dw'] False
[ifmap, ofmap, filters]: [142688, 142688, 1059968]
['conv13_f_pw'] True
[ifmap, ofmap, filters]: [0, 0, 529984]
['conv13_res'] False
[ifmap, ofmap, filters]: [0, 0, 0]
['conv14_a_dw'] False
[ifmap, ofmap, filters]: [0, 0, 0]
['conv14_e_pw', 'conv14_b_pw', 'conv14_c_dw', 'conv14_d_pw', 'pool4', 'conv14_res', 'conv15_a_dw'] False
[ifmap, ofmap, filters]: [285376, 35672, 1589952]
['conv15_b_pw'] False
[ifmap, ofmap, filters]: [0, 0, 1118208]
['conv15_c_dw'] False
[ifmap, ofmap, filters]: [0, 0, 0]
['conv15_d_pw'] False
[ifmap, ofmap, filters]: [0, 0, 3145728]
['pool5'] False
[ifmap, ofmap, filters]: [0, 0, 0]
['fc'] False
[ifmap, ofmap, filters]: [0, 0, 2048000]


************************************************************
Efficient-S:

===========================================================
buffer size: 1024(KB)
waiting...
done!


total DRAM access(MB):  30.91585063934326
DRAM access breakdown[ifmap, ofmap, filter](MB):
5.891728401184082 4.30364990234375 20.72047233581543




************************************************************
DNNVM:

===========================================================
buffer size: 1024(KB)
waiting...
done!


total DRAM access(MB):  32.26292419433594
DRAM access breakdown[ifmap, ofmap, filter](MB):
5.833409309387207 5.668914794921875 20.760600090026855




************************************************************
w/o Fusion:

===========================================================
buffer size: 1024(KB)
waiting...
done!


total DRAM access(MB):  31.7974271774292
DRAM access breakdown[ifmap, ofmap, filter](MB):
3.720553398132324 7.3751220703125 20.701751708984375




************************************************************
HaFS:

===========================================================
buffer size: 1024(KB)
waiting...
done!


['conv6_a_dw']
[ 0]
['conv6_b_pw', 'conv6_c_dw', 'conv6_d_pw', 'conv6_e_dw']
[ 1, 2, 3, 4]
['conv6_f_pw', 'conv6_res', 'conv7_a_dw', 'conv7_b_pw', 'conv7_c_dw']
[ 5, 6, 7, 8, 9]
['conv7_d_pw', 'conv7_e_dw', 'conv7_f_pw']
[ 10, 11, 12]
['conv7_res']
[ 13]
['conv8_a_dw']
[ 14]
['conv8_b_pw', 'conv8_c_dw', 'conv8_d_pw', 'conv8_e_dw']
[ 15, 16, 17, 18]
['conv8_f_pw', 'conv8_res', 'conv9_a_dw', 'conv9_b_pw', 'conv9_c_dw']
[ 19, 20, 21, 22, 23]
['conv9_d_pw', 'conv9_e_dw', 'conv9_f_pw']
[ 24, 25, 26]
['conv9_res']
[ 27]
['conv10_a_dw']
[ 28]
['conv10_b_pw', 'conv10_c_dw', 'conv10_d_pw', 'conv10_e_dw']
[ 29, 30, 31, 32]
['conv10_f_pw', 'conv10_res', 'conv11_a_dw', 'conv11_b_pw', 'conv11_c_dw']
[ 33, 34, 35, 36, 37]
['conv11_d_pw', 'conv11_e_dw', 'conv11_f_pw']
[ 38, 39, 40]
['conv11_res']
[ 41]
['conv12_a_dw']
[ 42]
['conv12_b_pw', 'conv12_c_dw', 'conv12_d_pw', 'conv12_e_dw']
[ 43, 44, 45, 46]
['conv12_f_pw', 'conv12_res', 'conv13_a_dw', 'conv13_b_pw', 'conv13_c_dw']
[ 47, 48, 49, 50, 51]
['conv13_d_pw', 'conv13_e_dw', 'conv13_f_pw']
[ 52, 53, 54]
['conv13_res']
[ 55]
['conv14_a_dw']
[ 56]
['conv14_e_pw', 'conv14_b_pw', 'conv14_c_dw', 'conv14_d_pw', 'pool4', 'conv14_res', 'conv15_a_dw']
[ 60, 57, 58, 59, 61, 62]
['conv15_b_pw']
[ 63]
['conv15_c_dw']
[ 64]
['conv15_d_pw']
[ 65]
['pool5']
]
['fc']
]
total DRAM access(MB):  24.326866149902344
DRAM access breakdown[ifmap, ofmap, filter](MB):
2.44940185546875 2.2112655639648438 19.66619873046875


['conv6_a_dw'] False
[ifmap, ofmap, filters]: [0, 0, 0]
['conv6_b_pw', 'conv6_c_dw', 'conv6_d_pw', 'conv6_e_dw'] False
[ifmap, ofmap, filters]: [142688, 142688, 1059968]
['conv6_f_pw', 'conv6_res', 'conv7_a_dw', 'conv7_b_pw', 'conv7_c_dw'] False
[ifmap, ofmap, filters]: [285376, 285376, 1059968]
['conv7_d_pw', 'conv7_e_dw', 'conv7_f_pw'] False
[ifmap, ofmap, filters]: [142688, 142688, 1059968]
['conv7_res'] False
[ifmap, ofmap, filters]: [0, 0, 0]
['conv8_a_dw'] False
[ifmap, ofmap, filters]: [0, 0, 0]
['conv8_b_pw', 'conv8_c_dw', 'conv8_d_pw', 'conv8_e_dw'] False
[ifmap, ofmap, filters]: [142688, 142688, 1059968]
['conv8_f_pw', 'conv8_res', 'conv9_a_dw', 'conv9_b_pw', 'conv9_c_dw'] False
[ifmap, ofmap, filters]: [285376, 285376, 1059968]
['conv9_d_pw', 'conv9_e_dw', 'conv9_f_pw'] False
[ifmap, ofmap, filters]: [142688, 142688, 1059968]
['conv9_res'] False
[ifmap, ofmap, filters]: [0, 0, 0]
['conv10_a_dw'] False
[ifmap, ofmap, filters]: [0, 0, 0]
['conv10_b_pw', 'conv10_c_dw', 'conv10_d_pw', 'conv10_e_dw'] False
[ifmap, ofmap, filters]: [142688, 142688, 1059968]
['conv10_f_pw', 'conv10_res', 'conv11_a_dw', 'conv11_b_pw', 'conv11_c_dw'] False
[ifmap, ofmap, filters]: [285376, 285376, 1059968]
['conv11_d_pw', 'conv11_e_dw', 'conv11_f_pw'] False
[ifmap, ofmap, filters]: [142688, 142688, 1059968]
['conv11_res'] False
[ifmap, ofmap, filters]: [0, 0, 0]
['conv12_a_dw'] False
[ifmap, ofmap, filters]: [0, 0, 0]
['conv12_b_pw', 'conv12_c_dw', 'conv12_d_pw', 'conv12_e_dw'] False
[ifmap, ofmap, filters]: [142688, 142688, 1059968]
['conv12_f_pw', 'conv12_res', 'conv13_a_dw', 'conv13_b_pw', 'conv13_c_dw'] False
[ifmap, ofmap, filters]: [285376, 285376, 1059968]
['conv13_d_pw', 'conv13_e_dw', 'conv13_f_pw'] False
[ifmap, ofmap, filters]: [142688, 142688, 1059968]
['conv13_res'] False
[ifmap, ofmap, filters]: [0, 0, 0]
['conv14_a_dw'] False
[ifmap, ofmap, filters]: [0, 0, 0]
['conv14_e_pw', 'conv14_b_pw', 'conv14_c_dw', 'conv14_d_pw', 'pool4', 'conv14_res', 'conv15_a_dw'] False
[ifmap, ofmap, filters]: [285376, 35672, 1589952]
['conv15_b_pw'] False
[ifmap, ofmap, filters]: [0, 0, 1118208]
['conv15_c_dw'] False
[ifmap, ofmap, filters]: [0, 0, 0]
['conv15_d_pw'] False
[ifmap, ofmap, filters]: [0, 0, 3145728]
['pool5'] False
[ifmap, ofmap, filters]: [0, 0, 0]
['fc'] False
[ifmap, ofmap, filters]: [0, 0, 2048000]


************************************************************
Efficient-S:

===========================================================
buffer size: 1024(KB)
waiting...
done!


total DRAM access(MB):  27.036120414733887
DRAM access breakdown[ifmap, ofmap, filter](MB):
4.493565559387207 2.857635498046875 19.684919357299805




************************************************************
DNNVM:

===========================================================
buffer size: 1024(KB)
waiting...
done!


total DRAM access(MB):  27.036120414733887
DRAM access breakdown[ifmap, ofmap, filter](MB):
4.493565559387207 2.857635498046875 19.684919357299805




************************************************************
w/o Fusion:

===========================================================
buffer size: 1024(KB)
waiting...
done!


total DRAM access(MB):  22.38775634765625
DRAM access breakdown[ifmap, ofmap, filter](MB):
2.17724609375 0.5443115234375 19.66619873046875


